BHOOK.asm:
     1                          ; BHOOK.Z80 - BeanZee Graphics/Sound Stubs
     2                          ;
     3                          ; All graphics and sound functions return "Sorry" error.
     4                          ; Can be expanded as BeanZee gains display capabilities
     5                          ; (RA8875 TFT, VGA adapter).
     6                          ;
     7                          ; cf. HOOK.Z80 (CP/M stubs)
     8                          ;
     9                              PUBLIC CLG
    10                              PUBLIC COLOUR
    11                              PUBLIC DRAW
    12                              PUBLIC ENVEL
    13                              PUBLIC GCOL
    14                              PUBLIC MODE
    15                              PUBLIC MOVE
    16                              PUBLIC PLOT
    17                              PUBLIC SOUND
    18                              PUBLIC PUTIMS
    19                              PUBLIC CIRCLE
    20                              PUBLIC ELLIPS
    21                              PUBLIC FILL
    22                              PUBLIC MOUSE
    23                              PUBLIC ORIGIN
    24                              PUBLIC RECTAN
    25                              PUBLIC LINE
    26                              PUBLIC TINT
    27                              PUBLIC WAIT
    28                              PUBLIC SYS
    29                              PUBLIC CSRON
    30                              PUBLIC CSROFF
    31                          ;
    32                              PUBLIC ADVAL
    33                              PUBLIC POINT
    34                              PUBLIC GETIMS
    35                              PUBLIC TINTFN
    36                              PUBLIC MODEFN
    37                              PUBLIC WIDFN
    38                          ;
    39                              EXTERN EXTERR
    40                          ;
    41                          CLG:
    42                          COLOUR:
    43                          DRAW:
    44                          ENVEL:
    45                          GCOL:
    46                          MODE:
    47                          MOVE:
    48                          PLOT:
    49                          SOUND:
    50                          ADVAL:
    51                          POINT:
    52                          GETIMS:
    53                          PUTIMS:
    54                          CIRCLE:
    55                          ELLIPS:
    56                          FILL:
    57                          MOUSE:
    58                          ORIGIN:
    59                          RECTAN:
    60                          LINE:
    61                          TINT:
    62                          TINTFN:
    63                          MODEFN:
    64                          WIDFN:
    65                          WAIT:
    66                          SYS:
    67                          CSRON:
    68                          CSROFF:
    69  0000  af                    XOR A
    70  0001  cd0000                CALL EXTERR
    71  0004  536f727279            DEFM "Sorry"
    72  0009  00                    DEFB 0
    73                          ;
    74                          FIN:
    75                          
